<?xml version="1.0" encoding="UTF-8"?>
<!-- Generated by org.testng.reporters.JUnitReportReporter -->
<testsuite hostname="Atul-Ekta" failures="0" tests="3" name="testNGstudy.DataProviderStudy" time="62.731" errors="0" timestamp="2023-06-27T23:49:13 IST" skipped="0">
  <testcase classname="testNGstudy.DataProviderStudy" name="TestClass" time="19.553"/>
  <testcase classname="testNGstudy.DataProviderStudy" name="TestClass" time="21.805"/>
  <testcase classname="testNGstudy.DataProviderStudy" name="TestClass" time="21.373"/>
</testsuite> <!-- testNGstudy.DataProviderStudy -->
