<?xml version="1.0" encoding="UTF-8"?>
<!-- Generated by org.testng.reporters.JUnitReportReporter -->
<testsuite hostname="Atul-Ekta" failures="0" tests="1" name="testNGstudy.ParallelStudy1" time="36.920" errors="0" timestamp="2023-06-19T22:44:55 IST" skipped="0">
  <testcase classname="testNGstudy.ParallelStudy1" name="para1" time="36.920"/>
</testsuite> <!-- testNGstudy.ParallelStudy1 -->
