<?xml version="1.0" encoding="UTF-8"?>
<!-- Generated by org.testng.reporters.JUnitReportReporter -->
<testsuite hostname="Atul-Ekta" failures="0" tests="1" name="testNGstudy.TestNGXMLStudy2" time="20.083" errors="0" timestamp="2023-06-19T22:32:58 IST" skipped="0">
  <testcase classname="testNGstudy.TestNGXMLStudy2" name="myMetho9" time="20.083">
    <system-out>
      <![CDATA[myMethod9 is running..]]>
    </system-out>
  </testcase> <!-- myMetho9 -->
  <system-out>
    <![CDATA[myMethod2 is running..
myMethod9 is running..]]>
  </system-out>
</testsuite> <!-- testNGstudy.TestNGXMLStudy2 -->
