<?xml version="1.0" encoding="UTF-8"?>
<!-- Generated by org.testng.reporters.JUnitReportReporter -->
<testsuite hostname="Atul-Ekta" failures="0" tests="1" name="testNGstudy.TestNgXMLStudy" time="19.916" errors="0" timestamp="2023-06-19T22:32:58 IST" skipped="0">
  <testcase classname="testNGstudy.TestNgXMLStudy" name="myMethod2" time="19.916">
    <system-out>
      <![CDATA[myMethod2 is running..]]>
    </system-out>
  </testcase> <!-- myMethod2 -->
  <system-out>
    <![CDATA[myMethod2 is running..
myMethod9 is running..]]>
  </system-out>
</testsuite> <!-- testNGstudy.TestNgXMLStudy -->
