<?xml version="1.0" encoding="UTF-8"?>
<!-- Generated by org.testng.reporters.JUnitReportReporter -->
<testsuite hostname="Atul-Ekta" failures="1" tests="4" name="listener.SampleTest" time="0.034" errors="0" timestamp="2023-06-29T22:29:52 IST" skipped="0">
  <testcase classname="listener.SampleTest" name="TC1" time="0.012">
    <system-out>
      <![CDATA[Test Case class org.testng.internal.TestResultis Started
Test TC1 is running
Test Case TC1is successful]]>
    </system-out>
  </testcase> <!-- TC1 -->
  <testcase classname="listener.SampleTest" name="TC4" time="0.003">
    <system-out>
      <![CDATA[Test Case class org.testng.internal.TestResultis Started
Test TC4 is running
Test Case TC4is successful]]>
    </system-out>
  </testcase> <!-- TC4 -->
  <testcase classname="listener.SampleTest" name="TC2" time="0.007">
    <system-out>
      <![CDATA[Test Case class org.testng.internal.TestResultis Started
Test TC2 is running
Test Case TC2is successful]]>
    </system-out>
  </testcase> <!-- TC2 -->
  <testcase classname="listener.SampleTest" name="TC3" time="0.012">
    <failure message="null" type="java.lang.AssertionError">
      <![CDATA[java.lang.AssertionError: null
at org.testng.Assert.fail(Assert.java:111)
at org.testng.Assert.fail(Assert.java:116)
at listener.SampleTest.TC3(SampleTest.java:25)
at java.base/jdk.internal.reflect.NativeMethodAccessorImpl.invoke0(Native Method)
at java.base/jdk.internal.reflect.NativeMethodAccessorImpl.invoke(NativeMethodAccessorImpl.java:77)
at java.base/jdk.internal.reflect.DelegatingMethodAccessorImpl.invoke(DelegatingMethodAccessorImpl.java:43)
at java.base/java.lang.reflect.Method.invoke(Method.java:568)
at org.testng.internal.invokers.MethodInvocationHelper.invokeMethod(MethodInvocationHelper.java:139)
at org.testng.internal.invokers.TestInvoker.invokeMethod(TestInvoker.java:664)
at org.testng.internal.invokers.TestInvoker.invokeTestMethod(TestInvoker.java:227)
at org.testng.internal.invokers.MethodRunner.runInSequence(MethodRunner.java:50)
at org.testng.internal.invokers.TestInvoker$MethodInvocationAgent.invoke(TestInvoker.java:957)
at org.testng.internal.invokers.TestInvoker.invokeTestMethods(TestInvoker.java:200)
at org.testng.internal.invokers.TestMethodWorker.invokeTestMethods(TestMethodWorker.java:148)
at org.testng.internal.invokers.TestMethodWorker.run(TestMethodWorker.java:128)
at java.base/java.util.ArrayList.forEach(ArrayList.java:1511)
at org.testng.TestRunner.privateRun(TestRunner.java:848)
at org.testng.TestRunner.run(TestRunner.java:621)
at org.testng.SuiteRunner.runTest(SuiteRunner.java:443)
at org.testng.SuiteRunner.runSequentially(SuiteRunner.java:437)
at org.testng.SuiteRunner.privateRun(SuiteRunner.java:397)
at org.testng.SuiteRunner.run(SuiteRunner.java:336)
at org.testng.SuiteRunnerWorker.runSuite(SuiteRunnerWorker.java:52)
at org.testng.SuiteRunnerWorker.run(SuiteRunnerWorker.java:95)
at org.testng.TestNG.runSuitesSequentially(TestNG.java:1280)
at org.testng.TestNG.runSuitesLocally(TestNG.java:1200)
at org.testng.TestNG.runSuites(TestNG.java:1114)
at org.testng.TestNG.run(TestNG.java:1082)
at org.testng.remote.AbstractRemoteTestNG.run(AbstractRemoteTestNG.java:115)
at org.testng.remote.RemoteTestNG.initAndRun(RemoteTestNG.java:251)
at org.testng.remote.RemoteTestNG.main(RemoteTestNG.java:77)
]]>
    </failure>
    <system-out>
      <![CDATA[Test Case class org.testng.internal.TestResultis Started
Test TC3 is running
Test Case class org.testng.internal.TestResultis Failed]]>
    </system-out>
  </testcase> <!-- TC3 -->
  <system-out>
    <![CDATA[Test Case class org.testng.internal.TestResultis Started
Test TC1 is running
Test Case TC1is successful
Test Case class org.testng.internal.TestResultis Started
Test TC2 is running
Test Case TC2is successful
Test Case class org.testng.internal.TestResultis Started
Test TC3 is running
Test Case class org.testng.internal.TestResultis Failed
Test Case class org.testng.internal.TestResultis Started
Test TC4 is running
Test Case TC4is successful]]>
  </system-out>
</testsuite> <!-- listener.SampleTest -->
