<?xml version="1.0" encoding="UTF-8"?>
<!-- Generated by org.testng.reporters.JUnitReportReporter -->
<testsuite hostname="Atul-Ekta" failures="0" tests="5" name="testNGstudy.TNG_Keywords" time="0.032" errors="0" timestamp="2023-06-15T23:06:05 IST" skipped="0">
  <testcase classname="testNGstudy.TNG_Keywords" name="d" time="0.013">
    <system-out>
      <![CDATA[d is running]]>
    </system-out>
  </testcase> <!-- d -->
  <testcase classname="testNGstudy.TNG_Keywords" name="d" time="0.004">
    <system-out>
      <![CDATA[d is running]]>
    </system-out>
  </testcase> <!-- d -->
  <testcase classname="testNGstudy.TNG_Keywords" name="e" time="0.010">
    <system-out>
      <![CDATA[e is running]]>
    </system-out>
  </testcase> <!-- e -->
  <testcase classname="testNGstudy.TNG_Keywords" name="a" time="0.002">
    <system-out>
      <![CDATA[a is running]]>
    </system-out>
  </testcase> <!-- a -->
  <testcase classname="testNGstudy.TNG_Keywords" name="b" time="0.003">
    <system-out>
      <![CDATA[b is running]]>
    </system-out>
  </testcase> <!-- b -->
  <system-out>
    <![CDATA[d is running
d is running
e is running
a is running
b is running
a is running
d is running
b is running
c is running]]>
  </system-out>
</testsuite> <!-- testNGstudy.TNG_Keywords -->
