<?xml version="1.0" encoding="UTF-8"?>
<!-- Generated by org.testng.reporters.JUnitReportReporter -->
<testsuite hostname="Atul-Ekta" failures="0" tests="4" name="testNGstudy.DependsOnStudy" time="0.012" errors="0" timestamp="2023-06-15T23:06:05 IST" skipped="0">
  <testcase classname="testNGstudy.DependsOnStudy" name="d" time="0.005">
    <system-out>
      <![CDATA[d is running]]>
    </system-out>
  </testcase> <!-- d -->
  <testcase classname="testNGstudy.DependsOnStudy" name="a" time="0.003">
    <system-out>
      <![CDATA[a is running]]>
    </system-out>
  </testcase> <!-- a -->
  <testcase classname="testNGstudy.DependsOnStudy" name="b" time="0.003">
    <system-out>
      <![CDATA[b is running]]>
    </system-out>
  </testcase> <!-- b -->
  <testcase classname="testNGstudy.DependsOnStudy" name="c" time="0.001">
    <system-out>
      <![CDATA[c is running]]>
    </system-out>
  </testcase> <!-- c -->
  <system-out>
    <![CDATA[d is running
d is running
e is running
a is running
b is running
a is running
d is running
b is running
c is running]]>
  </system-out>
</testsuite> <!-- testNGstudy.DependsOnStudy -->
