<?xml version="1.0" encoding="UTF-8"?>
<!-- Generated by org.testng.reporters.JUnitReportReporter -->
<testsuite hostname="Atul-Ekta" failures="0" tests="1" name="testNGstudy.TestNGExample1" time="9.141" errors="0" timestamp="2023-06-08T22:57:53 IST" skipped="0">
  <testcase classname="testNGstudy.TestNGExample1" name="testMethod" time="9.141"/>
</testsuite> <!-- testNGstudy.TestNGExample1 -->
