<?xml version="1.0" encoding="UTF-8"?>
<!-- Generated by org.testng.reporters.JUnitReportReporter -->
<testsuite hostname="Atul-Ekta" failures="0" tests="1" name="testNGstudy.ParallelStudy2" time="14.618" errors="0" timestamp="2023-06-19T22:44:55 IST" skipped="0">
  <testcase classname="testNGstudy.ParallelStudy2" name="para2" time="14.618"/>
</testsuite> <!-- testNGstudy.ParallelStudy2 -->
