<?xml version="1.0" encoding="UTF-8"?>
<!-- Generated by org.testng.reporters.JUnitReportReporter -->
<testsuite hostname="Atul-Ekta" failures="0" tests="1" name="Assignments.Amazon_E_Commerce_Project_Chrome" time="9.827" errors="0" timestamp="2023-06-30T17:56:03 IST" skipped="0">
  <testcase classname="Assignments.Amazon_E_Commerce_Project_Chrome" name="TestSearchBox" time="9.827"/>
</testsuite> <!-- Assignments.Amazon_E_Commerce_Project_Chrome -->
