<?xml version="1.0" encoding="UTF-8"?>
<!-- Generated by org.testng.reporters.JUnitReportReporter -->
<testsuite hostname="Atul-Ekta" failures="0" tests="2" name="testNGstudy.TestExample2" time="0.040" errors="0" timestamp="2023-06-11T23:26:54 IST" skipped="0">
  <testcase classname="testNGstudy.TestExample2" name="login" time="0.016"/>
  <testcase classname="testNGstudy.TestExample2" name="nameValidation" time="0.024"/>
</testsuite> <!-- testNGstudy.TestExample2 -->
